0 info it worked if it ends with ok
1 verbose cli [ '/usr/local/bin/node', '/usr/local/bin/npm', 'publish' ]
2 info using npm@1.4.28
3 info using node@v0.10.33
4 verbose publish [ '.' ]
5 verbose cache add [ '.', null ]
6 verbose cache add name=undefined spec="." args=[".",null]
7 verbose parsed url { protocol: null,
7 verbose parsed url   slashes: null,
7 verbose parsed url   auth: null,
7 verbose parsed url   host: null,
7 verbose parsed url   port: null,
7 verbose parsed url   hostname: null,
7 verbose parsed url   hash: null,
7 verbose parsed url   search: null,
7 verbose parsed url   query: null,
7 verbose parsed url   pathname: '.',
7 verbose parsed url   path: '.',
7 verbose parsed url   href: '.' }
8 silly lockFile 3a52ce78- .
9 verbose lock . /home/jose/.npm/3a52ce78-.lock
10 verbose tar pack [ '/home/jose/.npm/ep_headings2/0.0.3/package.tgz', '.' ]
11 verbose tarball /home/jose/.npm/ep_headings2/0.0.3/package.tgz
12 verbose folder .
13 info prepublish ep_headings2@0.0.3
14 silly lockFile 1f1177db-tar tar://.
15 verbose lock tar://. /home/jose/.npm/1f1177db-tar.lock
16 silly lockFile 53a41d8d-m-ep-headings2-0-0-3-package-tgz tar:///home/jose/.npm/ep_headings2/0.0.3/package.tgz
17 verbose lock tar:///home/jose/.npm/ep_headings2/0.0.3/package.tgz /home/jose/.npm/53a41d8d-m-ep-headings2-0-0-3-package-tgz.lock
18 silly lockFile 1f1177db-tar tar://.
19 silly lockFile 1f1177db-tar tar://.
20 silly lockFile 53a41d8d-m-ep-headings2-0-0-3-package-tgz tar:///home/jose/.npm/ep_headings2/0.0.3/package.tgz
21 silly lockFile 53a41d8d-m-ep-headings2-0-0-3-package-tgz tar:///home/jose/.npm/ep_headings2/0.0.3/package.tgz
22 silly lockFile 0b650124-e-npm-ep-headings2-0-0-3-package /home/jose/.npm/ep_headings2/0.0.3/package
23 verbose lock /home/jose/.npm/ep_headings2/0.0.3/package /home/jose/.npm/0b650124-e-npm-ep-headings2-0-0-3-package.lock
24 silly lockFile 0b650124-e-npm-ep-headings2-0-0-3-package /home/jose/.npm/ep_headings2/0.0.3/package
25 silly lockFile 0b650124-e-npm-ep-headings2-0-0-3-package /home/jose/.npm/ep_headings2/0.0.3/package
26 silly lockFile 3a52ce78- .
27 silly lockFile 3a52ce78- .
28 silly publish { description: 'Adds heading support to Etherpad Lite.  Includes improved suppot for export, i18n etc.',
28 silly publish   name: 'ep_headings2',
28 silly publish   version: '0.0.3',
28 silly publish   author: { name: 'John McLear', email: 'john@mclear.co.uk' },
28 silly publish   contributors:
28 silly publish    [ { name: 'Matthias Bartelmeß', email: 'mba@fourplusone.de' },
28 silly publish      { name: 'John McLear', email: 'john@mclear.co.uk' },
28 silly publish      { name: 'Gedion Woldeselassie',
28 silly publish        email: 'gwy321@gmail.com',
28 silly publish        url: 'https://github.com/gedion' } ],
28 silly publish   dependencies: {},
28 silly publish   engines: { node: '*' },
28 silly publish   homepage: 'https://github.com/johnmclear/ep_headings2',
28 silly publish   devDependencies: {},
28 silly publish   repository:
28 silly publish    { type: 'git',
28 silly publish      url: 'git://github.com/johnmclear/ep_headings2.git' },
28 silly publish   readme: 'Apply h1 etc. headings to a pad.\n\n* Has test coverage\n* Has i18n support\n* Has it\'s own repository\n* Has full export support\n\nOriginally written by @fourplusone and myself, moved away from @fourplusones repository as he didn\'t have time to main.  Didn\'t fork because his repository contained other plugins.  Thanks to @fourplusone for his original contributions to Line Attributes.\n',
28 silly publish   readmeFilename: 'README.md',
28 silly publish   gitHead: 'a2a23455041d9d29eb99bed1205c3bbc2fa3cc8a',
28 silly publish   bugs: { url: 'https://github.com/johnmclear/ep_headings2/issues' },
28 silly publish   _id: 'ep_headings2@0.0.3',
28 silly publish   scripts: {},
28 silly publish   _shasum: '6894b2e70e3bbd988e894e5fa8d7ad7d540d1147',
28 silly publish   _from: '.' }
29 verbose request where is /ep_headings2
30 verbose request registry https://registry.npmjs.org/
31 verbose request id 50f33f80c4822d79
32 verbose url raw /ep_headings2
33 verbose url resolving [ 'https://registry.npmjs.org/', './ep_headings2' ]
34 verbose url resolved https://registry.npmjs.org/ep_headings2
35 verbose request where is https://registry.npmjs.org/ep_headings2
36 info trying registry request attempt 1 at 14:14:54
37 http PUT https://registry.npmjs.org/ep_headings2
38 info retry will retry, error on last attempt: Error: getaddrinfo ENOTFOUND
39 info trying registry request attempt 2 at 14:15:24
40 http PUT https://registry.npmjs.org/ep_headings2
41 info retry will retry, error on last attempt: Error: getaddrinfo ENOTFOUND
42 info trying registry request attempt 3 at 14:16:29
43 http PUT https://registry.npmjs.org/ep_headings2
44 error publish Failed PUT undefined
45 error network getaddrinfo ENOTFOUND
45 error network This is most likely not a problem with npm itself
45 error network and is related to network connectivity.
45 error network In most cases you are behind a proxy or have bad network settings.
45 error network
45 error network If you are behind a proxy, please make sure that the
45 error network 'proxy' config is set properly.  See: 'npm help config'
46 error System Linux 3.13.0-43-generic
47 error command "/usr/local/bin/node" "/usr/local/bin/npm" "publish"
48 error cwd /home/jose/etherpad-lite/node_modules/ep_headings2
49 error node -v v0.10.33
50 error npm -v 1.4.28
51 error syscall getaddrinfo
52 error code ENOTFOUND
53 error errno ENOTFOUND
54 verbose exit [ 1, true ]
